-----> 2013-08-17 16:02:13.255  org.datanucleus.store.rdbms.datasource.dbcp.DelegatingStatement.execute(DelegatingStatement.java:264)
1. CREATE TABLE DELETEME1376766133213 ( UNUSED INTEGER NOT NULL ) 

-----> 2013-08-17 16:02:13.335  org.datanucleus.store.rdbms.datasource.dbcp.DelegatingStatement.execute(DelegatingStatement.java:264)
1. DROP TABLE DELETEME1376766133213 

-----> 2013-08-17 16:02:14.584  org.datanucleus.store.rdbms.datasource.dbcp.DelegatingStatement.execute(DelegatingStatement.java:264)
1. CREATE TABLE EMAIL ( EMAIL_ID BIGINT GENERATED BY DEFAULT AS IDENTITY, DIRECCION NVARCHAR(255) 
NULL, EMAILS_CLIENTE_ID_OID BIGINT NULL, EMAILS_INTEGER_IDX INTEGER NULL, CONSTRAINT EMAIL_PK 
PRIMARY KEY (EMAIL_ID) ) 

-----> 2013-08-17 16:02:14.593  org.datanucleus.store.rdbms.datasource.dbcp.DelegatingStatement.execute(DelegatingStatement.java:264)
1. CREATE TABLE CLIENTE ( CLIENTE_ID BIGINT GENERATED BY DEFAULT AS IDENTITY, ACTIVO BOOLEAN NULL, 
NROCLIENTE NVARCHAR(255) NULL, APELLIDO NVARCHAR(255) NULL, DIRECCION NVARCHAR(255) NULL, DNI 
NVARCHAR(255) NULL, NOMBRE NVARCHAR(255) NULL, TELEFONO NVARCHAR(255) NULL, VERSION BIGINT 
NOT NULL, CONSTRAINT CLIENTE_PK PRIMARY KEY (CLIENTE_ID) ) 

-----> 2013-08-17 16:02:14.662  org.datanucleus.store.rdbms.datasource.dbcp.DelegatingStatement.execute(DelegatingStatement.java:264)
1. ALTER TABLE EMAIL ADD CONSTRAINT EMAIL_FK1 FOREIGN KEY (EMAILS_CLIENTE_ID_OID) REFERENCES CLIENTE 
(CLIENTE_ID) 

-----> 2013-08-17 16:02:43.948  org.datanucleus.store.rdbms.datasource.dbcp.DelegatingPreparedStatement.executeUpdate(DelegatingPreparedStatement.java:105)
2. INSERT INTO CLIENTE (DIRECCION,DNI,APELLIDO,NOMBRE,TELEFONO,ACTIVO,NROCLIENTE,VERSION) VALUES 
(NULL,'32225478','aguirre','eduardo','453316',1,'123456',1) 

-----> 2013-08-17 16:02:44.768  org.datanucleus.store.rdbms.datasource.dbcp.DelegatingPreparedStatement.executeQuery(DelegatingPreparedStatement.java:96)
2. SELECT 'dom.cliente.Cliente' AS NUCLEUS_TYPE FROM CLIENTE A0 WHERE A0.CLIENTE_ID = 0 

-----> 2013-08-17 16:02:44.785  org.datanucleus.store.rdbms.datasource.dbcp.DelegatingPreparedStatement.executeQuery(DelegatingPreparedStatement.java:96)
2. SELECT A0.APELLIDO,A0.DIRECCION,A0.DNI,A0.NOMBRE,A0.TELEFONO,A0.ACTIVO,A0.NROCLIENTE,A0.VERSION 
FROM CLIENTE A0 WHERE A0.CLIENTE_ID = 0 

-----> 2013-08-17 16:03:10.312  org.datanucleus.store.rdbms.datasource.dbcp.DelegatingPreparedStatement.executeQuery(DelegatingPreparedStatement.java:96)
2. SELECT 'dom.cliente.Cliente' AS NUCLEUS_TYPE FROM CLIENTE A0 WHERE A0.CLIENTE_ID = 0 

-----> 2013-08-17 16:03:10.316  org.datanucleus.store.rdbms.datasource.dbcp.DelegatingPreparedStatement.executeQuery(DelegatingPreparedStatement.java:96)
2. SELECT A0.APELLIDO,A0.DIRECCION,A0.DNI,A0.NOMBRE,A0.TELEFONO,A0.ACTIVO,A0.NROCLIENTE,A0.VERSION 
FROM CLIENTE A0 WHERE A0.CLIENTE_ID = 0 

-----> 2013-08-17 16:03:23.087  org.datanucleus.store.rdbms.datasource.dbcp.DelegatingPreparedStatement.executeQuery(DelegatingPreparedStatement.java:96)
2. SELECT 'dom.cliente.Cliente' AS NUCLEUS_TYPE FROM CLIENTE A0 WHERE A0.CLIENTE_ID = 0 

-----> 2013-08-17 16:03:23.091  org.datanucleus.store.rdbms.datasource.dbcp.DelegatingPreparedStatement.executeQuery(DelegatingPreparedStatement.java:96)
2. SELECT A0.APELLIDO,A0.DIRECCION,A0.DNI,A0.NOMBRE,A0.TELEFONO,A0.ACTIVO,A0.NROCLIENTE,A0.VERSION 
FROM CLIENTE A0 WHERE A0.CLIENTE_ID = 0 

-----> 2013-08-17 16:03:23.175  org.datanucleus.store.rdbms.datasource.dbcp.DelegatingPreparedStatement.executeQuery(DelegatingPreparedStatement.java:96)
2. SELECT 'dom.vo.Email' AS NUCLEUS_TYPE,A0.DIRECCION,A0.EMAIL_ID,A0.EMAILS_INTEGER_IDX AS NUCORDER0 
FROM EMAIL A0 WHERE A0.EMAILS_CLIENTE_ID_OID = 0 AND A0.EMAILS_INTEGER_IDX >= 0 ORDER BY NUCORDER0 


-----> 2013-08-17 16:03:23.275  org.datanucleus.store.rdbms.datasource.dbcp.DelegatingPreparedStatement.executeUpdate(DelegatingPreparedStatement.java:105)
2. INSERT INTO EMAIL (DIRECCION,EMAILS_CLIENTE_ID_OID,EMAILS_INTEGER_IDX) VALUES ('malgav5@gmail.com',0,0) 


-----> 2013-08-17 16:03:28.134  org.datanucleus.store.rdbms.datasource.dbcp.DelegatingPreparedStatement.executeQuery(DelegatingPreparedStatement.java:96)
2. SELECT 'dom.cliente.Cliente' AS NUCLEUS_TYPE,A0.APELLIDO,A0.DIRECCION,A0.DNI,A0.NOMBRE,A0.TELEFONO,A0.ACTIVO,A0.NROCLIENTE,A0.CLIENTE_ID,A0.VERSION 
FROM CLIENTE A0 

-----> 2013-08-17 16:03:28.294  org.datanucleus.store.rdbms.datasource.dbcp.DelegatingPreparedStatement.executeQuery(DelegatingPreparedStatement.java:96)
2. SELECT 'dom.cliente.Cliente' AS NUCLEUS_TYPE FROM CLIENTE A0 WHERE A0.CLIENTE_ID = 0 

-----> 2013-08-17 16:03:28.298  org.datanucleus.store.rdbms.datasource.dbcp.DelegatingPreparedStatement.executeQuery(DelegatingPreparedStatement.java:96)
2. SELECT A0.APELLIDO,A0.DIRECCION,A0.DNI,A0.NOMBRE,A0.TELEFONO,A0.ACTIVO,A0.NROCLIENTE,A0.VERSION 
FROM CLIENTE A0 WHERE A0.CLIENTE_ID = 0 

-----> 2013-08-17 16:03:30.558  org.datanucleus.store.rdbms.datasource.dbcp.DelegatingPreparedStatement.executeQuery(DelegatingPreparedStatement.java:96)
2. SELECT 'dom.cliente.Cliente' AS NUCLEUS_TYPE FROM CLIENTE A0 WHERE A0.CLIENTE_ID = 0 

-----> 2013-08-17 16:03:30.564  org.datanucleus.store.rdbms.datasource.dbcp.DelegatingPreparedStatement.executeQuery(DelegatingPreparedStatement.java:96)
2. SELECT A0.APELLIDO,A0.DIRECCION,A0.DNI,A0.NOMBRE,A0.TELEFONO,A0.ACTIVO,A0.NROCLIENTE,A0.VERSION 
FROM CLIENTE A0 WHERE A0.CLIENTE_ID = 0 

-----> 2013-08-17 16:03:30.622  org.datanucleus.store.rdbms.datasource.dbcp.DelegatingPreparedStatement.executeQuery(DelegatingPreparedStatement.java:96)
2. SELECT 'dom.vo.Email' AS NUCLEUS_TYPE,A0.DIRECCION,A0.EMAIL_ID,A0.EMAILS_INTEGER_IDX AS NUCORDER0 
FROM EMAIL A0 WHERE A0.EMAILS_CLIENTE_ID_OID = 0 AND A0.EMAILS_INTEGER_IDX >= 0 ORDER BY NUCORDER0 


